0 info it worked if it ends with ok
1 verbose cli [ 'node', '/usr/local/bin/npm', 'install' ]
2 info using npm@2.0.0-beta.0
3 info using node@v0.10.31
4 verbose node symlink /usr/local/bin/node
5 verbose readDependencies using package.json deps
6 verbose install where, deps [ '/Users/yawetse/Developer/github/typesettin/typesettin.com/periodicjs/node_modules/periodicjs.ext.googleanalytics',
6 verbose install   [ 'async',
6 verbose install     'fs-extra',
6 verbose install     'periodicjs.component.tabs',
6 verbose install     'periodicjs.core.controller',
6 verbose install     'periodicjs.core.extensions',
6 verbose install     'periodicjs.core.utilities',
6 verbose install     'browserify',
6 verbose install     'chai',
6 verbose install     'grunt',
6 verbose install     'grunt-contrib-jshint',
6 verbose install     'grunt-contrib-watch',
6 verbose install     'grunt-simple-mocha',
6 verbose install     'grunt-jsbeautifier',
6 verbose install     'grunt-contrib-copy',
6 verbose install     'grunt-browserify',
6 verbose install     'grunt-contrib-less',
6 verbose install     'grunt-jsdoc',
6 verbose install     'grunt-contrib-uglify',
6 verbose install     'grunt-contrib-cssmin',
6 verbose install     'grunt-newer',
6 verbose install     'jsdoc',
6 verbose install     'mocha',
6 verbose install     'uglify-js',
6 verbose install     'uglifyify' ] ]
7 info preinstall periodicjs.ext.googleanalytics@2.9.9
8 verbose readDependencies using package.json deps
9 verbose already installed skipping periodicjs.core.extensions@~1.90.16 /Users/yawetse/Developer/github/typesettin/typesettin.com/periodicjs/node_modules/periodicjs.ext.googleanalytics
10 verbose already installed skipping periodicjs.core.utilities@~3.0.0 /Users/yawetse/Developer/github/typesettin/typesettin.com/periodicjs/node_modules/periodicjs.ext.googleanalytics
11 verbose already installed skipping browserify@~4.2.1 /Users/yawetse/Developer/github/typesettin/typesettin.com/periodicjs/node_modules/periodicjs.ext.googleanalytics
12 verbose already installed skipping chai@1.9.1 /Users/yawetse/Developer/github/typesettin/typesettin.com/periodicjs/node_modules/periodicjs.ext.googleanalytics
13 verbose already installed skipping grunt@>=0.4.5 /Users/yawetse/Developer/github/typesettin/typesettin.com/periodicjs/node_modules/periodicjs.ext.googleanalytics
14 verbose already installed skipping grunt-contrib-jshint@>=0.4.3 /Users/yawetse/Developer/github/typesettin/typesettin.com/periodicjs/node_modules/periodicjs.ext.googleanalytics
15 verbose already installed skipping grunt-contrib-watch@>=0.4.1 /Users/yawetse/Developer/github/typesettin/typesettin.com/periodicjs/node_modules/periodicjs.ext.googleanalytics
16 verbose already installed skipping grunt-simple-mocha@>=0.4.0 /Users/yawetse/Developer/github/typesettin/typesettin.com/periodicjs/node_modules/periodicjs.ext.googleanalytics
17 verbose already installed skipping grunt-jsbeautifier@>=0.2.7 /Users/yawetse/Developer/github/typesettin/typesettin.com/periodicjs/node_modules/periodicjs.ext.googleanalytics
18 verbose already installed skipping grunt-contrib-copy@>=0.5.0 /Users/yawetse/Developer/github/typesettin/typesettin.com/periodicjs/node_modules/periodicjs.ext.googleanalytics
19 verbose already installed skipping grunt-browserify@>=2.1.3 /Users/yawetse/Developer/github/typesettin/typesettin.com/periodicjs/node_modules/periodicjs.ext.googleanalytics
20 verbose already installed skipping grunt-contrib-less@>=0.11.3 /Users/yawetse/Developer/github/typesettin/typesettin.com/periodicjs/node_modules/periodicjs.ext.googleanalytics
21 verbose already installed skipping grunt-jsdoc@>=0.5.6 /Users/yawetse/Developer/github/typesettin/typesettin.com/periodicjs/node_modules/periodicjs.ext.googleanalytics
22 verbose already installed skipping grunt-contrib-uglify@>=0.4.0 /Users/yawetse/Developer/github/typesettin/typesettin.com/periodicjs/node_modules/periodicjs.ext.googleanalytics
23 verbose already installed skipping grunt-contrib-cssmin@>=0.9.0 /Users/yawetse/Developer/github/typesettin/typesettin.com/periodicjs/node_modules/periodicjs.ext.googleanalytics
24 verbose already installed skipping grunt-newer@>=0.7.0 /Users/yawetse/Developer/github/typesettin/typesettin.com/periodicjs/node_modules/periodicjs.ext.googleanalytics
25 verbose already installed skipping jsdoc@3.3.0-alpha5 /Users/yawetse/Developer/github/typesettin/typesettin.com/periodicjs/node_modules/periodicjs.ext.googleanalytics
26 verbose already installed skipping mocha@1.9.0 /Users/yawetse/Developer/github/typesettin/typesettin.com/periodicjs/node_modules/periodicjs.ext.googleanalytics
27 verbose already installed skipping uglify-js@^2.4.15 /Users/yawetse/Developer/github/typesettin/typesettin.com/periodicjs/node_modules/periodicjs.ext.googleanalytics
28 verbose already installed skipping uglifyify@^2.5.0 /Users/yawetse/Developer/github/typesettin/typesettin.com/periodicjs/node_modules/periodicjs.ext.googleanalytics
29 verbose already installed skipping async@0.9.0 /Users/yawetse/Developer/github/typesettin/typesettin.com/periodicjs/node_modules/periodicjs.ext.googleanalytics
30 verbose already installed skipping fs-extra@0.12.0 /Users/yawetse/Developer/github/typesettin/typesettin.com/periodicjs/node_modules/periodicjs.ext.googleanalytics
31 verbose already installed skipping periodicjs.component.tabs@^1.1.0 /Users/yawetse/Developer/github/typesettin/typesettin.com/periodicjs/node_modules/periodicjs.ext.googleanalytics
32 verbose already installed skipping periodicjs.core.controller@~3.0.0 /Users/yawetse/Developer/github/typesettin/typesettin.com/periodicjs/node_modules/periodicjs.ext.googleanalytics
33 silly resolved []
34 info build /Users/yawetse/Developer/github/typesettin/typesettin.com/periodicjs/node_modules/periodicjs.ext.googleanalytics
35 verbose linkStuff [ false,
35 verbose linkStuff   false,
35 verbose linkStuff   false,
35 verbose linkStuff   '/Users/yawetse/Developer/github/typesettin/typesettin.com/periodicjs/node_modules' ]
36 info linkStuff periodicjs.ext.googleanalytics@2.9.9
37 verbose linkBins periodicjs.ext.googleanalytics@2.9.9
38 verbose linkMans periodicjs.ext.googleanalytics@2.9.9
39 verbose rebuildBundles periodicjs.ext.googleanalytics@2.9.9
40 verbose rebuildBundles [ '.bin',
40 verbose rebuildBundles   'async',
40 verbose rebuildBundles   'browserify',
40 verbose rebuildBundles   'chai',
40 verbose rebuildBundles   'codemirror',
40 verbose rebuildBundles   'fs-extra',
40 verbose rebuildBundles   'grunt',
40 verbose rebuildBundles   'grunt-browserify',
40 verbose rebuildBundles   'grunt-contrib-copy',
40 verbose rebuildBundles   'grunt-contrib-cssmin',
40 verbose rebuildBundles   'grunt-contrib-jshint',
40 verbose rebuildBundles   'grunt-contrib-less',
40 verbose rebuildBundles   'grunt-contrib-uglify',
40 verbose rebuildBundles   'grunt-contrib-watch',
40 verbose rebuildBundles   'grunt-jsbeautifier',
40 verbose rebuildBundles   'grunt-jsdoc',
40 verbose rebuildBundles   'grunt-newer',
40 verbose rebuildBundles   'grunt-simple-mocha',
40 verbose rebuildBundles   'jsdoc',
40 verbose rebuildBundles   'mocha',
40 verbose rebuildBundles   'periodicjs.component.tabs',
40 verbose rebuildBundles   'periodicjs.core.controller',
40 verbose rebuildBundles   'periodicjs.core.extensions',
40 verbose rebuildBundles   'periodicjs.core.utilities',
40 verbose rebuildBundles   'uglify-js',
40 verbose rebuildBundles   'uglifyify' ]
41 verbose rebuild bundle /Users/yawetse/Developer/github/typesettin/typesettin.com/periodicjs/node_modules/periodicjs.ext.googleanalytics/node_modules/codemirror
42 info build /Users/yawetse/Developer/github/typesettin/typesettin.com/periodicjs/node_modules/periodicjs.ext.googleanalytics/node_modules/codemirror
43 info preinstall codemirror@4.7.0
44 verbose linkStuff [ false,
44 verbose linkStuff   false,
44 verbose linkStuff   false,
44 verbose linkStuff   '/Users/yawetse/Developer/github/typesettin/typesettin.com/periodicjs/node_modules/periodicjs.ext.googleanalytics/node_modules' ]
45 info linkStuff codemirror@4.7.0
46 verbose linkBins codemirror@4.7.0
47 verbose linkMans codemirror@4.7.0
48 verbose rebuildBundles codemirror@4.7.0
49 info install codemirror@4.7.0
50 info postinstall codemirror@4.7.0
51 info install periodicjs.ext.googleanalytics@2.9.9
52 info postinstall periodicjs.ext.googleanalytics@2.9.9
53 verbose unsafe-perm in lifecycle true
54 info prepublish periodicjs.ext.googleanalytics@2.9.9
55 warn unmet dependency /Users/yawetse/Developer/github/typesettin/typesettin.com/periodicjs/node_modules/periodicjs.ext.googleanalytics/node_modules/periodicjs.core.extensions requires fs-extra@'0.9.1' but will load
55 warn unmet dependency /Users/yawetse/Developer/github/typesettin/typesettin.com/periodicjs/node_modules/periodicjs.ext.googleanalytics/node_modules/fs-extra,
55 warn unmet dependency which is version 0.12.0
56 warn unmet dependency /Users/yawetse/Developer/github/typesettin/typesettin.com/periodicjs/node_modules/periodicjs.ext.googleanalytics/node_modules/periodicjs.core.extensions requires periodicjs.core.utilities@'~1.90.10' but will load
56 warn unmet dependency /Users/yawetse/Developer/github/typesettin/typesettin.com/periodicjs/node_modules/periodicjs.ext.googleanalytics/node_modules/periodicjs.core.utilities,
56 warn unmet dependency which is version 3.0.0
57 error peerinvalid The package grunt does not satisfy its siblings' peerDependencies requirements!
57 error peerinvalid Peer grunt-contrib-jshint@0.10.0 wants grunt@~0.4.0
57 error peerinvalid Peer grunt-contrib-watch@0.6.1 wants grunt@~0.4.0
57 error peerinvalid Peer grunt-contrib-copy@0.7.0 wants grunt@~0.4.0
57 error peerinvalid Peer grunt-browserify@3.2.0 wants grunt@^0.4.0
57 error peerinvalid Peer grunt-contrib-less@0.12.0 wants grunt@~0.4.0
57 error peerinvalid Peer grunt-jsdoc@0.5.7 wants grunt@~0.4.0
57 error peerinvalid Peer grunt-contrib-uglify@0.6.0 wants grunt@~0.4.0
57 error peerinvalid Peer grunt-contrib-cssmin@0.10.0 wants grunt@~0.4.1
57 error peerinvalid Peer grunt-newer@0.8.0 wants grunt@~0.4.1
58 error System Darwin 14.0.0
59 error command "node" "/usr/local/bin/npm" "install"
60 error cwd /Users/yawetse/Developer/github/typesettin/typesettin.com/periodicjs/node_modules/periodicjs.ext.googleanalytics
61 error node -v v0.10.31
62 error npm -v 2.0.0-beta.0
63 error code EPEERINVALID
64 verbose exit [ 1, true ]
